<?xml version="1.0" encoding="UTF-8"?>
<!-- Generated by org.testng.reporters.JUnitReportReporter -->
<testsuite skipped="0" hostname="LAPTOP-D7GGNOQ4" name="com.samir.automationframework.pomautomationframework.AppTest" tests="1" failures="0" timestamp="2020-09-16T12:53:09 IST" time="0.496" errors="0">
  <testcase name="shouldAnswerWithTrue" time="0.496" classname="com.samir.automationframework.pomautomationframework.AppTest"/>
  <system-out/>
</testsuite> <!-- com.samir.automationframework.pomautomationframework.AppTest -->
