<?xml version="1.0" encoding="UTF-8"?>
<!-- Generated by org.testng.reporters.JUnitReportReporter -->
<testsuite skipped="0" hostname="LAPTOP-D7GGNOQ4" name="com.samir.automationframework.pomautomationframework.SliderTest" tests="1" failures="0" timestamp="2020-09-16T21:22:46 IST" time="3.415" errors="0">
  <testcase name="Slider" time="3.415" classname="com.samir.automationframework.pomautomationframework.SliderTest"/>
  <system-out/>
</testsuite> <!-- com.samir.automationframework.pomautomationframework.SliderTest -->
