<?xml version="1.0" encoding="UTF-8"?>
<!-- Generated by org.testng.reporters.JUnitReportReporter -->
<testsuite skipped="0" hostname="LAPTOP-D7GGNOQ4" name="com.samir.automationframework.pomautomationframework.ElementTextBoxTest" tests="1" failures="0" timestamp="2020-09-17T19:04:37 IST" time="1.284" errors="0">
  <testcase name="ElementTextBox" time="1.284" classname="com.samir.automationframework.pomautomationframework.ElementTextBoxTest"/>
  <system-out/>
</testsuite> <!-- com.samir.automationframework.pomautomationframework.ElementTextBoxTest -->
