<?xml version="1.0" encoding="UTF-8"?>
<!-- Generated by org.testng.reporters.JUnitReportReporter -->
<testsuite skipped="0" hostname="LAPTOP-D7GGNOQ4" name="com.samir.automationframework.pomautomationframework.ElementWebTableTest" tests="1" failures="0" timestamp="2020-09-16T20:14:15 IST" time="1.602" errors="0">
  <testcase name="ElementWebTable" time="1.602" classname="com.samir.automationframework.pomautomationframework.ElementWebTableTest"/>
  <system-out/>
</testsuite> <!-- com.samir.automationframework.pomautomationframework.ElementWebTableTest -->
