<?xml version="1.0" encoding="UTF-8"?>
<!-- Generated by org.testng.reporters.JUnitReportReporter -->
<testsuite skipped="0" hostname="LAPTOP-D7GGNOQ4" name="com.samir.automationframework.pomautomationframework.TabsWindowsTest" tests="1" failures="0" timestamp="2020-09-16T21:15:55 IST" time="12.877" errors="0">
  <testcase name="TabsWindows" time="12.877" classname="com.samir.automationframework.pomautomationframework.TabsWindowsTest"/>
  <system-out/>
</testsuite> <!-- com.samir.automationframework.pomautomationframework.TabsWindowsTest -->
