<?xml version="1.0" encoding="UTF-8"?>
<!-- Generated by org.testng.reporters.JUnitReportReporter -->
<testsuite skipped="0" hostname="LAPTOP-D7GGNOQ4" name="src.test.java.com.samir.automationframework.pomautomationframework.AppTest" tests="1" failures="0" timestamp="2020-09-16T07:24:22 IST" time="0.009" errors="0">
  <testcase name="shouldAnswerWithTrue" time="0.009" classname="src.test.java.com.samir.automationframework.pomautomationframework.AppTest"/>
  <system-out/>
</testsuite> <!-- src.test.java.com.samir.automationframework.pomautomationframework.AppTest -->
