<?xml version="1.0" encoding="UTF-8"?>
<!-- Generated by org.testng.reporters.JUnitReportReporter -->
<testsuite skipped="0" hostname="LAPTOP-D7GGNOQ4" name="com.samir.automationframework.pomautomationframework.ElementsButtonsTest" tests="1" failures="0" timestamp="2020-09-16T20:35:02 IST" time="5.584" errors="0">
  <testcase name="ElementsButtons" time="5.584" classname="com.samir.automationframework.pomautomationframework.ElementsButtonsTest"/>
  <system-out/>
</testsuite> <!-- com.samir.automationframework.pomautomationframework.ElementsButtonsTest -->
